<?xml version="1.0" encoding="UTF-8"?>
<!-- Generated by org.testng.reporters.JUnitReportReporter -->
<testsuite hostname="apples-MacBook-Air.local" failures="0" tests="1" name="Google.Googlesearch" time="11.041" errors="0" timestamp="2023-11-06T13:59:04 IST" skipped="0">
  <testcase classname="Google.Googlesearch" name="search" time="11.041"/>
  <system-out/>
</testsuite> <!-- Google.Googlesearch -->
